
> ai-town@0.0.0 predev
> just convex dev --run init --until-success

- Preparing Convex functions...

✖ TypeScript typecheck via `tsc` failed.
To ignore failing typecheck, use `--typecheck=disable`.
- Collecting TypeScript errors

[96mconvex/agent/conversation.ts[0m:[93m167[0m:[93m6[0m - [91merror[0m[90m TS7006: [0mParameter 'm' implicitly has an 'any' type.

[7m167[0m     (m) => m.data.type === 'conversation' && m.data.playerIds.includes(otherPlayerId),
[7m   [0m [91m     ~[0m
[96mconvex/agent/memory.ts[0m:[93m173[0m:[93m32[0m - [91merror[0m[90m TS7031: [0mBinding element 'memory' implicitly has an 'any' type.

[7m173[0m   return rankedMemories.map(({ memory }) => memory);
[7m   [0m [91m                               ~~~~~~[0m

[96mconvex/agent/memory.ts[0m:[93m341[0m:[93m14[0m - [91merror[0m[90m TS7006: [0mParameter 'm' implicitly has an 'any' type.

[7m341[0m     .filter((m) => m._creationTime > (lastReflectionTs ?? 0))
[7m   [0m [91m             ~[0m

[96mconvex/agent/memory.ts[0m:[93m342[0m:[93m14[0m - [91merror[0m[90m TS7006: [0mParameter 'acc' implicitly has an 'any' type.

[7m342[0m     .reduce((acc, curr) => acc + curr.importance, 0);
[7m   [0m [91m             ~~~[0m

[96mconvex/agent/memory.ts[0m:[93m342[0m:[93m19[0m - [91merror[0m[90m TS7006: [0mParameter 'curr' implicitly has an 'any' type.

[7m342[0m     .reduce((acc, curr) => acc + curr.importance, 0);
[7m   [0m [91m                  ~~~~[0m

[96mconvex/agent/memory.ts[0m:[93m351[0m:[93m21[0m - [91merror[0m[90m TS7006: [0mParameter 'm' implicitly has an 'any' type.

[7m351[0m   memories.forEach((m, idx) => {
[7m   [0m [91m                    ~[0m

[96mconvex/agent/memory.ts[0m:[93m351[0m:[93m24[0m - [91merror[0m[90m TS7006: [0mParameter 'idx' implicitly has an 'any' type.

[7m351[0m   memories.forEach((m, idx) => {
[7m   [0m [91m                       ~~~[0m

[96mconvex/aiTown/agent.ts[0m:[93m259[0m:[93m56[0m - [91merror[0m[90m TS2731: [0mImplicit conversion of a 'symbol' to a 'string' will fail at runtime. Consider wrapping this expression in 'String(...)'.

[7m259[0m     console.log(`Agent ${this.id} starting operation ${name} (${operationId})`);
[7m   [0m [91m                                                       ~~~~[0m

[96mconvex/aiTown/agent.ts[0m:[93m260[0m:[93m28[0m - [91merror[0m[90m TS2345: [0mArgument of type 'string | number | symbol' is not assignable to parameter of type 'string'.
  Type 'number' is not assignable to type 'string'.

[7m260[0m     game.scheduleOperation(name, { operationId, ...args } as any);
[7m   [0m [91m                           ~~~~[0m
[96mconvex/aiTown/agent.ts[0m:[93m262[0m:[93m7[0m - [91merror[0m[90m TS2322: [0mType 'string | number | symbol' is not assignable to type 'string'.
  Type 'number' is not assignable to type 'string'.

[7m262[0m       name,
[7m   [0m [91m      ~~~~[0m
[96mconvex/exportWebSearchLogs.ts[0m:[93m13[0m:[93m14[0m - [91merror[0m[90m TS7022: [0m'exportToJSON' implicitly has type 'any' because it does not have a type annotation and is referenced directly or indirectly in its own initializer.

[7m13[0m export const exportToJSON = action({
[7m  [0m [91m             ~~~~~~~~~~~~[0m

[96mconvex/exportWebSearchLogs.ts[0m:[93m18[0m:[93m11[0m - [91merror[0m[90m TS7022: [0m'logs' implicitly has type 'any' because it does not have a type annotation and is referenced directly or indirectly in its own initializer.

[7m18[0m     const logs = await ctx.runQuery(api.util.webSearchLogger.getAllLogs, {
[7m  [0m [91m          ~~~~[0m

Found 12 errors in 4 files.

Errors  Files
     1  convex/agent/conversation.ts[90m:167[0m
     6  convex/agent/memory.ts[90m:173[0m
     3  convex/aiTown/agent.ts[90m:259[0m
     2  convex/exportWebSearchLogs.ts[90m:13[0m
- Preparing Convex functions...

✖ TypeScript typecheck via `tsc` failed.
To ignor✖ TypeScript typecheck via `tsc` failed.
To ignore failing typecheck, use `--t[96mconvex/agent/memory.ts[0m:[93m173[0m:[93m32[0m - [91merror[0m[90m TS7031: [0mBinding element 'memory' implicitly has an 'any' type.

[7m173[0m   return rankedMemories.map(({ memory }) => memory);
[7m   [0m [91m                               ~~~~~~[0m
[96mconvex/agent/memory.ts[0m:[93m341[0m:[93m14[0m - [91merror[0m[90m TS7006: [0mParameter 'm' implicitly has an 'any' type.

[7m341[0m     .filter((m) => m._creationTime > (lastReflectionTs ?? 0))
[7m   [0m [91m             ~[0m

[96mconvex/agent/memory.ts[0m:[93m342[0m:[93m14[0m - [91merror[0m[90m TS7006: [0mParameter 'acc' implicitly has an 'any' type.

[7m342[0m     .reduce((acc, curr) => acc + curr.importance, 0);
[7m   [0m [91m             ~~~[0m

[96mconvex/agent/memory.ts[0m:[93m342[0m:[93m19[0m - [91merror[0m[90m TS7006: [0mParameter 'curr' implicitly has an 'any' type.

[7m342[0m     .reduce((acc, curr) => acc + curr.importance, 0);
[7m   [0m [91m                  ~~~~[0m
[96mconvex/agent/memory.ts[0m:[93m351[0m:[93m21[0m - [91merror[0m[90m TS7006: [0mParameter 'm' implicitly has an 'any' type.

[7m351[0m   memories.forEach((m, idx) => {
[7m   [0m [91m                    ~[0m

[96mconvex/agent/memory.ts[0m:[93m351[0m:[93m24[0m - [91merror[0m[90m TS7006: [0mParameter 'idx' implicitly has an 'any' type.

[7m351[0m   memories.forEach((m, idx) => {
[7m   [0m [91m                       ~~~[0m

[96mconvex/aiTown/agent.ts[0m:[93m259[0m:[93m56[0m - [91merror[0m[90m TS2731: [0mImplicit conversion of a 'symbol' to a 'string' will fail at runtime. Consider wrapping this expression in 'String(...)'.

[7m259[0m     console.log(`Agent ${this.id} starting operation ${name} (${operationId})`);
[7m   [0m [91m                                                       ~~~~[0m

[96mconvex/aiTown/agent.ts[0m:[93m260[0m:[93m28[0m - [91merror[0m[90m TS2345: [0mArgument of type 'string | number | symbol' is not assignable to parameter of type 'string'.
  Type 'number' is not assignable to type 'string'.

[7m260[0m     game.scheduleOperation(name, { operationId, ...args } as any);
[7m   [0m [91m                           ~~~~[0m

[96mconvex/aiTown/agent.ts[0m:[93m262[0m:[93m7[0m - [91merror[0m[90m TS2322: [0mType 'string | number | symbol' is not assignable to type 'string'.
  Type 'number' is not assignable to type 'string'.

[7m262[0m       name,
[7m   [0m [91m      ~~~~[0m
[96mconvex/exportWebSearchLogs.ts[0m:[93m13[0m:[93m14[0m - [91merror[0m[90m TS7022: [0m'exportToJSON' implicitly has type 'any' because it does not have a type annotation and is referenced directly or indirectly in its own initializer.

[7m13[0m export const exportToJSON = action({
[7m  [0m [91m             ~~~~~~~~~~~~[0m
[96mconvex/exportWebSearchLogs.ts[0m:[93m18[0m:[93m11[0m - [91merror[0m[90m TS7022: [0m'logs' implicitly has type 'any' because it does not have a type annotation and is referenced directly or indirectly in its own initializer.

[7m18[0m     const logs = await ctx.runQuery(api.util.webSearchLogger.getAllLogs, {
[7m  [0m [91m          ~~~~[0m

Found 11 errors in 3 files.

Errors  Files
     6  convex/agent/memory.ts[90m:173[0m
     3  convex/aiTown/agent.ts[90m:259[0m
     2  convex/exportWebSearchLogs.ts[90m:13[0m
- Preparing Convex functions...

✖ TypeScript typecheck via `tsc` failed.
To igno✖ TypeScript typecheck via `tsc` failed.
To ignore failing typecheck, use `--ty[96mconvex/agent/memory.ts[0m:[93m173[0m:[93m[96mconvex/agent/memory.ts[0m:[93m173[0m:[93m32[0m - [91merror[0m[90m TS7031: [0mBinding element 'memory' implicitly has an 'any' type.

[7m173[0m   return rankedMemories.map(({ memory }) => memory);
[7m   [0m [91m                               ~~~~~~[0m
[96mconvex/agent/memory.ts[0m:[93m341[0m:[93m14[0m - [91merror[0m[90m TS7006: [0mParameter 'm' implicitly has an 'any' type.

[7m341[0m     .filter((m) => m._creationTime > (lastReflectionTs ?? 0))
[7m   [0m [91m             ~[0m

[96mconvex/agent/memory.ts[0m:[93m342[0m:[93m14[0m - [91merror[0m[90m TS7006: [0mParameter 'acc' implicitly has an 'any' type.

[7m342[0m     .reduce((acc, curr) => acc + curr.importance, 0);
[7m   [0m [91m             ~~~[0m

[96mconvex/agent/memory.ts[0m:[93m342[0m:[93m19[0m - [91merror[0m[90m TS7006: [0mParameter 'curr' implicitly has an 'any' type.

[7m342[0m     .reduce((acc, curr) => acc + curr.importance, 0);
[7m   [0m [91m                  ~~~~[0m
[96mconvex/agent/memory.ts[0m:[93m351[0m:[93m21[0m - [91merror[0m[90m TS7006: [0mParameter 'm' implicitly has an 'any' type.

[7m351[0m   memories.forEach((m, idx) => {
[7m   [0m [91m                    ~[0m
[96mconvex/agent/memory.ts[0m:[93m351[0m:[93m24[0m - [91merror[0m[90m TS7006: [0mParameter 'idx' implicitly has an 'any' type.

[7m351[0m   memories.forEach((m, idx) => {
[7m   [0m [91m                       ~~~[0m
[96mconvex/aiTown/agent.ts[0m:[93m259[0m:[93m56[0m - [91merror[0m[90m TS2731: [0mImplicit conversion of a 'symbol' to a 'string' will fail at runtime. Consider wrapping this expression in 'String(...)'.

[7m259[0m     console.log(`Agent ${this.id} starting operation ${name} (${operationId})`);
[7m   [0m [91m                                                       ~~~~[0m
[96mconvex/aiTown/agent.ts[0m:[93m260[0m:[93m28[0m - [91merror[0m[90m TS2345: [0mArgument of type 'string | number | symbol' is not assignable to parameter of type 'string'.
  Type 'number' is not assignable to type 'string'.

[7m260[0m     game.scheduleOperation(name, { operationId, ...args } as any);
[7m   [0m [91m                           ~~~~[0m
[96mconvex/aiTown/agent.ts[0m:[93m262[0m:[93m7[0m - [91merror[0m[90m TS2322: [0mType 'string | number | symbol' is not assignable to type 'string'.
  Type 'number' is not assignable to type 'string'.

[7m262[0m       name,
[7m   [0m [91m      ~~~~[0m
[96mconvex/exportWebSearchLogs.ts[0m:[93m43[0m:[93m14[0m - [91merror[0m[90m TS7022: [0m'exportByAgent' implicitly has type 'any' because it does not have a type annotation and is referenced directly or indirectly in its own initializer.

[7m43[0m export const exportByAgent = action({
[7m  [0m [91m             ~~~~~~~~~~~~~[0m
[96mconvex/exportWebSearchLogs.ts[0m:[93m49[0m:[93m11[0m - [91merror[0m[90m TS7022: [0m'logs' implicitly has type 'any' because it does not have a type annotation and is referenced directly or indirectly in its own initializer.

[7m49[0m     const logs = await ctx.runQuery(api.util.webSearchLogger.getLogsByAgent, {
[7m  [0m [91m          ~~~~[0m

Found 11 errors in 3 files.

Errors  Files
     6  convex/agent/memory.ts[90m:173[0m
     3  convex/aiTown/agent.ts[90m:259[0m
 - Preparing Convex functions...

✖ TypeScript typecheck via `tsc` failed.
To ignore failing typecheck, use `--typecheck=disable`.
- Collecting TypeScript errors

[96mconvex/agent/memory.ts[0m:[93m341[0m:[93m14[0m [96mconvex/agent/memory.ts[0m:[93m341[0m:[93m14[0m - [91merror[0m[90m TS7006: [0mParameter 'm' implicitly has an 'any' type.

[7m341[0m     .filter((m) => m._creationTime > (lastReflectionTs ?? 0))
[7m   [0m [91m             ~[0m
[96mconvex/agent/memory.ts[0m:[93m342[0m:[93m14[0m - [91merror[0m[90m TS7006: [0mParameter 'acc' implicitly has an 'any' type.

[7m342[0m     .reduce((acc, curr) => acc + curr.importance, 0);
[7m   [0m [91m             ~~~[0m

[96mconvex/agent/memory.ts[0m:[93m342[0m:[93m19[0m - [91merror[0m[90m TS7006: [0mParameter 'curr' implicitly has an 'any' type.

[7m342[0m     .reduce((acc, curr) => acc + curr.importance, 0);
[7m   [0m [91m                  ~~~~[0m

[96mconvex/agent/memory.ts[0m:[93m351[0m:[93m21[0m - [91merror[0m[90m TS7006: [0mParameter 'm' implicitly has an 'any' type.

[7m351[0m   memories.forEach((m, idx) => {
[7m   [0m [91m                    ~[0m
[96mconvex/agent/memory.ts[0m:[93m351[0m:[93m24[0m - [91merror[0m[90m TS7006: [0mParameter 'idx' implicitly has an 'any' type.

[7m351[0m   memories.forEach((m, idx) => {
[7m   [0m [91m                       ~~~[0m
[96mconvex/aiTown/agent.ts[0m:[93m259[0m:[93m56[0m - [91merror[0m[90m TS2731: [0mImplicit conversion of a 'symbol' to a 'string' will fail at runtime. Consider wrapping this expression in 'String(...)'.

[7m259[0m     console.log(`Agent ${this.id} starting operation ${name} (${operationId})`);
[7m   [0m [91m                                                       ~~~~[0m
[96mconvex/aiTown/agent.ts[0m:[93m260[0m:[93m28[0m - [91merror[0m[90m TS2345: [0mArgument of type 'string | number | symbol' is not assignable to parameter of type 'string'.
  Type 'number' is not assignable to type 'string'.

[7m260[0m     game.scheduleOperation(name, { operationId, ...args } as any);
[7m   [0m [91m                           ~~~~[0m
[96mconvex/aiTown/agent.ts[0m:[93m262[0m:[93m7[0m - [91merror[0m[90m TS2322: [0mType 'string | number | symbol' is not assignable to type 'string'.
  Type 'number' is not assignable to type 'string'.

[7m262[0m       name,
[7m   [0m [91m      ~~~~[0m
[96mconvex/exportWebSearchLogs.ts[0m:[93m43[0m:[93m14[0m - [91merror[0m[90m TS7022: [0m'exportByAgent' implicitly has type 'any' because it does not have a type annotation and is referenced directly or indirectly in its own initializer.

[7m43[0m export const exportByAgent = action({
[7m  [0m [91m             ~~~~~~~~~~~~~[0m
[96mconvex/exportWebSearchLogs.ts[0m:[93m49[0m:[93m11[0m - [91merror[0m[90m TS7022: [0m'logs' implicitly has type 'any' because it does not have a type annotation and is referenced directly or indirectly in its own initializer.

[7m49[0m     const logs = await ctx.runQuery(api.util.webSearchLogger.getLogsByAgent, {
[7m  [0m [91m          ~~~~[0m

Found 10 errors in 3 files.

Errors  Files
     5  convex/agent/memory.ts[90m:341[0m
     3  convex/aiTown/agent.ts[90m:259[0- Preparing Convex functions...

✖ TypeScript typecheck via `tsc` failed.
To ignore failing typecheck, use `--typecheck=disable`.
- Collecting TypeScript errors

[96mconvex/aiTown/agent.ts[0m:[93m259[0m:[93m56[0m - [91merror[0m[90m TS2731: [0mImplicit conversion of a 'symbol' to a 'string' will fail at runtime. Consider wrapping this expression in 'String(...)'.

[7m259[0m     console.log(`Agent ${this.id} starting operation ${name} (${operationId})`);
[7m   [0m [91m                                                       ~~~~[0m
[96mconvex/aiTown/agent.ts[0m:[93m260[0m:[93m28[0m - [91merror[0m[90m TS2345: [0mArgument of type 'string | number | symbol' is not assignable to parameter of type 'string'.
  Type 'number' is not assignable to type 'string'.

[7m260[0m     game.scheduleOperation(name, { operationId, ...args } as any);
[7m   [0m [91m                           ~~~~[0m
[96mconvex/aiTown/agent.ts[0m:[93m262[0m:[93m7[0m - [91merror[0m[90m TS2322: [0mType 'string | number | symbol' is not assignable to type 'string'.
  Type 'number' is not assignable to type 'string'.

[7m262[0m       name,
[7m   [0m [91m      ~~~~[0m

[96mconvex/exportWebSearchLogs.ts[0m:[93m43[0m:[93m14[0m - [91merror[0m[90m TS7022: [0m'exportByAgent' implicitly has type 'any' because it does not have a type annotation and is referenced directly or indirectly in its own initializer.

[7m43[0m export const exportByAgent = action({
[7m  [0m [91m             ~~~~~~~~~~~~~[0m
[96mconvex/exportWebSearchLogs.ts[0m:[93m49[0m:[93m11[0m - [91merror[0m[90m TS7022: [0m'logs' implicitly has type 'any' because it does not have a type annotation and is referenced directly or indirectly in its own initializer.

[7m49[0m     const logs = await ctx.runQuery(api.util.webSearchLogger.getLogsByAgent, {
[7m  [0m [91m          ~~~~[0m

Found 5 errors in 2 files.

Errors  Files
     3  convex/aiTown/agent.ts[90m:259[0m
     2  convex/exportWebSearchLogs.ts[90m:43[0m
- Preparing Convex functions...

✖ TypeScript typecheck via `tsc` failed.
To ig✖ TypeScript typecheck via `tsc` failed.
To ignore failing typecheck, use `--type[96mconvex/exportWebSearchLogs.ts[0m:[93m43[[96mconvex/exportWebSearchLogs.ts[0m:[93m43[0m:[93m14[0m - [91merror[0m[90m TS7022: [0m'exportByAgent' implicitly has type 'any' because it does not have a type annotation and is referenced directly or indirectly in its own initializer.

[7m43[0m export const exportByAgent = action({
[7m  [0m [91m             ~~~~~~~~~~~~~[0m
[96mconvex/exportWebSearchLogs.ts[0m:[93m49[0m:[93m11[0m - [91merror[0m[90m TS7022: [0m'logs' implicitly has type 'any' because it does not have a type annotation and is referenced directly or indirectly in its own initializer.

[7m49[0m     const logs = await ctx.runQuery(api.util.webSearchLogger.getLogsByAgent, {
[7m  [0m [91m          ~~~~[0m

Found 2 errors in the same file, starting at: convex/exportWebSearchLogs.ts[90m:43[0m
[0m
